# callgrind format
version: 1
creator: callgrind-3.15.0
pid: 160254
cmd:  ./builddir/csp-proc-demo
part: 1


desc: I1 cache: 
desc: D1 cache: 
desc: LL cache: 

desc: Timerange: Basic block 0 - 18164166801
desc: Trigger: Program termination

positions: line
events: Ir
summary: 78429


ob=(5) /usr/lib/x86_64-linux-gnu/libpthread-2.31.so
fl=(226) /build/glibc-e2p3jK/glibc-2.31/nptl/cleanup_defer_compat.c
fn=(1396) _pthread_cleanup_push_defer
25 1
+3 1
+1 1
-3 1
+4 2
+2 3
+3 3
+17 3
+2 1
+1 1

fn=(1400) _pthread_cleanup_pop_restore
62 1
+3 1
-2 1
+2 1
+3 3
+23 2
+1 1

fl=(266) /build/glibc-e2p3jK/glibc-2.31/nptl/pthread_create.c
fn=(4662) start_thread
cob=(23) /home/nvresights/Documents/dump/cubesat/virker-ed-tonni/builddir/csp-proc-demo
cfi=(179) ???
cfn=(8680) lua_runtime_run
calls=1 0 
477 78429

ob=(20) /usr/lib/x86_64-linux-gnu/liblua5.3.so.0.0.0
fl=(172) ???
fn=(7208) lua_pushinteger
0 14

fn=(9168) 0x0000000000016240
0 19
cfn=(6018) 0x000000000001c940
calls=1 0 
0 181
0 19
cfn=(9170) 0x00000000000161f0
calls=1 0 
0 288
0 7

fn=(6204) 0x0000000000016c60
0 481
cob=(2) ???
cfi=(18) ???
cfn=(6884) 0x0000000004af17e0
calls=62 0 
0 23
0 26
cfn=(6074) 0x0000000000010240
calls=233 0 
0 606
0 16
cob=(2)
cfi=(18)
cfn=(6162) 0x0000000004af18a0
calls=233 0 
0 32
0 73

fn=(8902) 0x00000000000127a0
0 19
cfn=(6204)
calls=1 0 
0 422
0 21
cob=(2)
cfi=(18)
cfn=(8906) 0x0000000004af15d0
calls=1 0 
0 1381
0 2

fn=(8994) 0x000000000000ec50
0 140
cfn=(8998) 0x0000000000017e90
calls=4 0 
0 126
0 132
cfn=(7372) 0x000000000000db60
calls=4 0 
0 5427
0 16

fn=(6058) 0x0000000000011d70
0 5586
cfn=(6018)
calls=633 0 
0 34695
0 4108

fn=(6278) 0x0000000000017300
0 243

fn=(6304) lua_settop
0 100

fn=(6790) lua_pushstring
0 24
cfn=(6184) 0x0000000000016cc0
calls=20 0 
0 928
0 51

fn=(6812) 0x00000000000161b0
0 7
cfn=(6058)
calls=2 0 
0 1520
0 7

fn=(6942) 0x0000000000017e50
0 8
cfn=(6944) 0x00000000000172b0
calls=6 0 
0 19
0 12

fn=(8884) 0x000000000000ce60
0 22
cfn=(6058)
calls=1 0 
0 645
0 218

fn=(8976) 0x000000000000e820
0 14

fn=(8984) 0x00000000000103b0
0 1224
cfn=(6058)
calls=48 0 
0 7344
0 240
cfn=(6582) 0x0000000000016c10
calls=48 0 
0 742
0 196
cfn=(8994)
calls=1 0 
0 2413
0 9
cfn=(8994)
calls=3 0 
0 3428
0 14
cfn=(6558) 0x000000000000fa50
calls=1 0 
0 28
0 4
cfn=(6558)
calls=1 0 
0 47605
0 11

fn=(9014) 0x000000000000ee40
0 20
cfn=(6798) 0x000000000000d870
calls=4 0 
0 4983
0 32

fn=(9086) 0x0000000000017ca0
0 11

fn=(6018)
0 1272
cob=(2)
cfi=(18)
cfn=(6022) 0x0000000004af19a0
calls=337 0 
0 2579
0 624
cob=(2)
cfi=(18)
cfn=(6592) 0x0000000004af15e0
calls=340 0 
0 31902
0 936

fn=(6044) 0x000000000000cc80
0 85
cob=(2)
cfi=(18)
cfn=(6046) 0x0000000004af1820
calls=7 0 
0 180
0 35
cfn=(9014)
calls=4 0 
0 5035
cfn=(8686) 0x0000000000007e00
calls=1 0 
0 13646
0 55

fn=(6582)
0 3696

fn=(8686)
0 9
cfn=(6798)
calls=1 0 
0 13634
0 3

fn=(8706) 0x0000000000019ff0
0 1459
cfn=(6802) 0x000000000000d280
calls=2 0 
0 10409
0 83
cfn=(6906) 0x000000000000d0c0
calls=1 0 
0 28
0 167
cfn=(8832) 0x0000000000019300
calls=11 0 
0 341
0 141
cfn=(6984) 0x00000000000196f0
calls=1 0 
0 29
0 314
cfn=(6746) 0x00000000000173a0
calls=2 0 
0 77
0 504

fn=(9116) 0x000000000000e940
0 11
cfn=(6058)
calls=1 0 
0 126
0 6
cfn=(6058)
calls=1 0 
0 54
0 6
cfn=(6058)
calls=1 0 
0 126
0 6
cfn=(6058)
calls=1 0 
0 126
0 6
cfn=(6058)
calls=1 0 
0 126
0 6
cfn=(6058)
calls=1 0 
0 126
0 27
cfn=(6018)
calls=1 0 
0 93
0 14

fn=(9170)
0 17
cfn=(6058)
calls=1 0 
0 126
0 6
cfn=(6058)
calls=1 0 
0 129
0 10

fn=(6264) 0x0000000000007be0
0 530

fn=(8972) lua_close
0 7
cfn=(8976)
calls=1 0 
0 14
0 2
cfn=(8984)
calls=1 0 
0 63258
0 7
cfn=(6058)
calls=1 0 
0 190
0 4
cfn=(9168)
calls=1 0 
0 514
0 19
cob=(2)
cfi=(18)
cfn=(6592)
calls=1 0 
0 148
0 3

fn=(8998)
0 126

fn=(9026) lua_rawequal
0 45
cfn=(6264)
calls=9 0 
0 90
0 36
cfn=(6264)
calls=9 0 
0 90
0 441

fn=(6184)
0 336
cob=(2)
cfi=(18)
cfn=(6186) 0x0000000004af1830
calls=317 0 
0 276
0 32
cob=(2)
cfi=(18)
cfn=(6186)
calls=244 0 
0 46
0 10
cob=(2)
cfi=(18)
cfn=(6198) 0x0000000004af16e0
calls=233 0 
0 40
0 8
cfn=(6204)
calls=233 0 
0 835
0 88

fn=(6262) lua_getfield
0 63
cfn=(6184)
calls=37 0 
0 743
0 63
cfn=(6278)
calls=37 0 
0 243
0 180
cfn=(6264)
calls=37 0 
0 90
0 45

fn=(6798)
0 50
cfn=(6802)
calls=16 0 
0 4988
0 24
cfn=(8706)
calls=1 0 
0 13552
0 3

fn=(8684) lua_pcallk
0 29
cfn=(7372)
calls=1 0 
0 13744
0 10

fn=(8734) luaL_checklstring
0 21
cfn=(7364) lua_tolstring
calls=3 0 
0 1959
0 24

fn=(8738) luaL_checkinteger
0 24
cfn=(8740) lua_tointegerx
calls=2 0 
0 66
0 26

fn=(9018) luaL_checkudata
0 90
cfn=(9020) luaL_testudata
calls=9 0 
0 3065
0 90

fn=(6558)
0 4628
cfn=(6058)
calls=5 0 
0 765
0 760
cfn=(6058)
calls=192 0 
0 28698
0 399
cfn=(9116)
calls=1 0 
0 859
0 90
cfn=(9104) 0x0000000000017210
calls=20 0 
0 7178
0 592
cfn=(6582)
calls=186 0 
0 2954
0 557
cfn=(6058)
calls=1 0 
0 151
0 2

fn=(9046) lua_pushnil
0 18

fn=(9068) luaL_len
0 9
cfn=(9070) lua_len
calls=1 0 
0 109
0 4
cfn=(8740)
calls=1 0 
0 33
0 7
cfn=(6304)
calls=1 0 
0 10
0 8

fn=(9072) 0x0000000000019ca0
0 21
cfn=(9086)
calls=1 0 
0 11
0 13
cfn=(6942)
calls=1 0 
0 39
0 4

fn=(6906)
0 238

fn=(7372)
0 80
cfn=(6044)
calls=6 0 
0 19036
0 55

fn=(9016) 0x0000000000021710
0 18
cfn=(9018)
calls=3 0 
0 1217
0 18
cfn=(9038) 0x0000000000021690
calls=3 0 
0 3139
0 9

fn=(9024) lua_getmetatable
0 27
cfn=(6264)
calls=9 0 
0 90
0 171

fn=(9066) 0x0000000000029bb0
0 7
cfn=(9068)
calls=1 0 
0 180
0 7

fn=(6746)
0 77

fn=(6802)
0 192
cfn=(8884)
calls=1 0 
0 885
0 91
cfn=(9066)
calls=1 0 
0 194
cfn=(9016)
calls=3 0 
0 4401
cob=(23)
cfi=(179)
cfn=(8900) lua_set_param
calls=1 0 
0 5055
cob=(23)
cfi=(179)
cfn=(8730) lua_fetch_operand_param_pair
calls=1 0 
0 2717
0 48
cfn=(6906)
calls=17 0 
0 210
0 68
cfn=(6812)
calls=2 0 
0 1534
0 2

fn=(6984)
0 29

fn=(8832)
0 341

fn=(9020)
0 90
cfn=(9022) lua_touserdata
calls=9 0 
0 207
0 54
cfn=(9024)
calls=9 0 
0 288
0 54
cfn=(6262)
calls=9 0 
0 1427
0 36
cfn=(9026)
calls=9 0 
0 702
0 54
cfn=(6304)
calls=9 0 
0 90
0 63

fn=(9022)
0 18
cfn=(6264)
calls=9 0 
0 90
0 99

fn=(9038)
0 18
cfn=(9018)
calls=3 0 
0 1014
0 42
cfn=(9018)
calls=3 0 
0 1014
0 12
cfn=(9046)
calls=3 0 
0 18
0 9
cfn=(6790)
calls=3 0 
0 1003
0 9

fn=(9104)
0 380
cfn=(6018)
calls=20 0 
0 2344
0 599
cfn=(6058)
calls=17 0 
0 2324
0 120
cfn=(6058)
calls=20 0 
0 1251
0 160

fn=(6074)
0 22
cfn=(6058)
calls=266 0 
0 562
0 22

fn=(6944)
0 19

fn=(7364)
0 24
cfn=(6264)
calls=4 0 
0 30
0 19
cfn=(8902)
calls=1 0 
0 1845
0 6
cfn=(6264)
calls=1 0 
0 10
0 25

fn=(8740)
0 24
cfn=(6264)
calls=3 0 
0 30
0 45

fn=(9070)
0 4
cfn=(6264)
calls=1 0 
0 10
0 4
cfn=(9072)
calls=1 0 
0 88
0 3

ob=(3) /usr/lib/x86_64-linux-gnu/libc-2.31.so
fl=(270) /build/glibc-e2p3jK/glibc-2.31/misc/../sysdeps/unix/sysv/linux/x86_64/clone.S
fn=(2328) clone
cob=(5)
cfi=(266)
cfn=(4662)
calls=6 379 
95 78429

fl=(158) /build/glibc-e2p3jK/glibc-2.31/malloc/arena.c
fn=(4816) get_free_list
761 1
-3 3
+3 1
-3 1
+28 5

fn=(4820) new_heap
454 1
+6 1
-6 4
+1 2
+5 2
+2 2
+13 1
-7 3
+7 2
+13 7
cfi=(268) /build/glibc-e2p3jK/glibc-2.31/misc/../sysdeps/unix/sysv/linux/mmap64.c
cfn=(2302) mmap
calls=3 48 
* 20
+1 2
+2 1
+1 1
+2 4
+4 4
cfi=(257) /build/glibc-e2p3jK/glibc-2.31/misc/../sysdeps/unix/syscall-template.S
cfn=(4822) munmap
calls=2 78 
* 6
+17 4
cfi=(257)
cfn=(2308) mprotect
calls=4 78 
* 6
* 2
+6 3
+2 1
+2 7
-30 3
cfi=(257)
cfn=(4822)
calls=2 78 
* 6
* 1

fn=(4818) arena_get2.part.0
873 7
+10 4
+2 3
+23 3
+12 7
-33 2
+23 7
693 3
cfn=(4820)
calls=4 454 
* 96
* 1
+2 2
+9 3
fi=(156) /build/glibc-e2p3jK/glibc-2.31/malloc/malloc.c
1795 2
+3 4
-3 2
+3 504
-3 252
+7 3
+2 1
+3 1
fe=(158)
712 1
-1 1
-5 1
+2 3
+5 2
+1 2
+2 1
-1 1
+1 3
+2 1
+1 2
+1 1
+1 1
+2 3
+3 2
+5 1
+2 3
+2 3
-61 2
+63 3
+12 7
-12 4
-4 4
-10 4
+12 4

fl=(344) /build/glibc-e2p3jK/glibc-2.31/string/strtok_r.c
fn=(8754) strtok_r
43 56
+3 16
+3 16
+7 12
cob=(2)
cfi=(18)
cfn=(8756) 0x00000000048743e0
calls=4 -56 
* 124
* 4
+1 8
+7 12
cob=(2)
cfi=(18)
cfn=(8760) 0x0000000004874520
calls=4 -64 
* 156
* 4
+1 8
+8 4
+2 20
-16 4
+1 4
+15 20
-28 8

fl=(182) /build/glibc-e2p3jK/glibc-2.31/setjmp/../sysdeps/x86_64/setjmp.S
fn=(1166) __sigsetjmp
30 5
+2 5
+9 5
+1 10
+1 5
+4 5
+1 5
+1 5
+1 5
+1 5
+2 10
+2 5
+1 5
+1 5
+2 10
+2 5
+5 5
+1 5
+17 5
cfi=(183) /build/glibc-e2p3jK/glibc-2.31/setjmp/sigjmp.c
cfn=(1168) __sigjmp_save
calls=22 -56 
* 45

fl=(187) /build/glibc-e2p3jK/glibc-2.31/libio/strops.c
fn=(8940) _IO_str_underflow
142 1
+1 4
+2 6
+6 2
+3 1
+1 1

fn=(1186) _IO_str_init_static_internal
36 18
+4 4
+1 3
cob=(2)
cfi=(18)
cfn=(8932) 0x00000000048745d0
calls=1 -41 
* 17
* 2
+5 7
cfi=(186) /build/glibc-e2p3jK/glibc-2.31/libio/genops.c
cfn=(1188) _IO_setb
calls=1 329 
* 25
-5 1
+5 7
cfi=(186)
cfn=(1188)
calls=7 329 
* 25
+3 2
+1 2
-1 2
+2 4
+2 2
+2 1
-2 2
+11 1
+1 6
-1 1
+1 6
-23 1
+1 4
+18 1
-2 1
+2 1

fl=(257)
fn=(2308)
78 5
+1 1

fn=(4822)
78 10
+1 2

fl=(192) /build/glibc-e2p3jK/glibc-2.31/string/../sysdeps/x86_64/multiarch/memset-vec-unaligned-erms.S
fn=(1210) __memset_avx2_unaligned_erms
167 8
+1 24
+5 8
+1 8
+1 7
+1 7
+2 7
+1 7
+1 7
+1 7
+52 1
+1 1
+25 1
+1 1
+1 1
+1 1

fl=(184) /build/glibc-e2p3jK/glibc-2.31/debug/snprintf_chk.c
fn=(1178) __snprintf_chk
27 10
+1 2
+5 2
+4 1
+1 1
-5 1
+4 2
+1 1
-1 3
+1 1
cfi=(185) /build/glibc-e2p3jK/glibc-2.31/libio/vsnprintf.c
cfn=(1180) __vsnprintf_internal
calls=6 +57 
* 647
+4 5

fl=(209) /build/glibc-e2p3jK/glibc-2.31/stdlib/../stdlib/strtol_l.c
fn=(1296) ____strtoul_l_internal
226 3
+54 1
-54 3
+19 1
-19 4
+26 2
+31 4
+9 6
+2 2
+5 2
-1 1
+6 2
+4 2
+10 2
+10 4
-82 1
373 3
+1 3
+60 5
+16 1
+10 3
-10 1
+10 1
+12 2
-5 2
+5 2
+1 6
-41 4
+2 6
+2 6
+28 6
+3 4
+11 2
+5 3
+1 1
+12 2
+11 5
+18 8
325 2

fl=(175) /build/glibc-e2p3jK/glibc-2.31/string/../sysdeps/x86_64/multiarch/strlen-avx2.S
fn=(902) __strlen_avx2
42 26
+13 26
+1 26
+1 26
+3 26
+1 26
+1 26
+3 13
+1 13
+1 13
+8 13
+19 13
+1 13
+1 13
+1 13
+2 13
+1 13
+1 13
+1 13
+6 13
+1 13
+1 13
+4 13
+1 13
335 13
+1 13
+1 13
+4 13
+1 13

fl=(348) /build/glibc-e2p3jK/glibc-2.31/stdio-common/vfscanf-internal.c
fn=(8936) __vfscanf_internal
278 16
+10 3
+1 1
fi=(349) /build/glibc-e2p3jK/glibc-2.31/stdio-common/../include/scratch_buffer.h
78 1
fe=(348)
289 1
fi=(349)
77 2
fe=(348)
339 1
fi=(349)
77 1
fe=(348)
339 4
+6 3
+3 5
+4 1
+20 1
-20 1
+20 1
-13 2
+6 1
+2 4
+5 4
+9 1
-4 1
+4 3
569 1
284 1
-1 1
+49 1
-39 1
569 4
2428 2
282 1
2428 3
328 2
-1 3
-1 1
-1 1
-12 1
418 2
+23 2
+1 2
-61 4
3020 5
372 7
cob=(5)
cfi=(226)
cfn=(1396)
calls=1 25 
* 17
* 2
222 2
+1 1
487 1
223 1
-1 2
487 2
222 1
487 2
611 4
+5 3
+1 3
+3 1
+1 1
-1 1
+1 10
+6 6
+3 2
-3 2
+3 3
-3 2
+3 7
+1 2
+1 9
cfi=(186)
cfn=(8938) _IO_sputbackc
calls=1 +3 
* 19
+4 9
345 2
3030 11
cob=(5)
cfi=(226)
cfn=(1400)
calls=1 62 
* 10
fi=(349)
85 3
fe=(348)
3034 2
+17 2
+6 12
481 1
+22 4
+21 2
+4 2
-4 2
+7 9
1397 6
+5 1
-5 1
+5 3
+9 2
+23 3
+3 2
1732 3
+9 1
fi=(349)
113 5
fe=(348)
1741 2
fi=(349)
113 3
fe=(348)
1739 12
+57 2
260 4
+3 6
1798 8
+2 15
-68 2
+2 4
+69 2
214 1
1810 2
214 2
1811 2
+28 2
260 3
+3 3
1843 2
+17 2
+1 5
-1 3
+7 3
+3 5
+2 3
+27 2
1732 1
1430 2
1800 2
cfi=(186)
cfn=(4656) __uflow
calls=1 299 
* 74
* 11
1437 2
1864 1
cfi=(208) /build/glibc-e2p3jK/glibc-2.31/stdlib/../stdlib/strtol.c
cfn=(1588) __strtoul_internal
calls=1 97 
* 122
* 2
+25 2
+2 2
+3 2
+1 13
1376 2
632 2

fl=(272) /build/glibc-e2p3jK/glibc-2.31/nptl/../sysdeps/unix/sysv/linux/x86_64/cancellation.S
fn=(2834) __libc_disable_asynccancel
76 1
+1 1
+1 1
+2 1
+1 1
+1 1
+1 1
+2 1
+2 1
+1 1
+1 1
+1 1
+1 1

fn=(2832) __libc_enable_asynccancel
47 1
+1 1
+1 1
+1 1
+1 1
+1 1
+2 1
+2 1
+2 1
+1 1
+1 1
+2 1

fl=(346) /build/glibc-e2p3jK/glibc-2.31/stdio-common/isoc99_sscanf.c
fn=(8928) __isoc99_sscanf
24 13
fi=(347) /build/glibc-e2p3jK/glibc-2.31/stdio-common/../libio/strfile.h
+69 4
fe=(346)
-69 3
fi=(347)
+69 2
-1 1
+1 1
cfi=(186)
cfn=(1182) _IO_no_init
calls=1 563 
* 45
+1 1
+1 4
-1 1
+1 1
cfi=(187)
cfn=(1186)
calls=1 -59 
* 80
fe=(346)
-64 3
-1 1
+1 1
-1 5
+1 1
cfi=(348)
cfn=(8936)
calls=1 278 
* 647
+4 8

fl=(265) /build/glibc-e2p3jK/glibc-2.31/io/../sysdeps/unix/sysv/linux/write.c
fn=(2036) write
25 1
+1 3
-1 4
+1 1
cfi=(272)
cfn=(2832)
calls=8 +21 
* 12
* 11
cfi=(272)
cfn=(2834)
calls=8 +50 
* 13
* 1
+1 2

fl=(343) /build/glibc-e2p3jK/glibc-2.31/string/strdup.c
fn=(8750) strdup
40 30
+1 6
cob=(2)
cfi=(18)
cfn=(1200) 0x0000000004874460
calls=6 -41 
* 124
* 6
+1 12
cob=(2)
cfi=(18)
cfn=(1310) 0x0000000004874310
calls=6 -42 
* 580
+2 12
+4 6
-1 18
+1 12
-1 6
cob=(2)
cfi=(18)
cfn=(1432) 0x00000000048744d0
calls=6 -47 
* 108

fl=(191) /build/glibc-e2p3jK/glibc-2.31/stdio-common/_itoa.c
fn=(1202) _itoa_word
165 2
+3 4
+2 2
+9 30
+9 2

fl=(208)
fn=(1588)
97 1
+1 3
cfi=(209)
cfn=(1296)
calls=56 226 
* 118

fl=(156)
fn=(632) tcache_init.part.0
2981 1
-9 1
+9 3
+10 3
+7 2
+2 1
+1 2
-1 1
+1 86
+3 2
fi=(158)
879 1
cfn=(4816)
calls=4 761 
* 11
* 1
+1 5
cfn=(4818)
calls=4 -7 
* 967
fe=(156)
2982 4
cfn=(636) _int_malloc
calls=4 1208 
* 130
* 1
+1 2
+7 3
+1 4

fn=(1480) unlink_chunk.isra.0
1451 2
+2 10
+3 2
+1 2
+2 8
+3 2
+1 2
+1 10
+2 2
+1 3
+3 2
+14 1
+1 2
+3 4

fn=(4292) realloc
3131 40
+7 8
+1 8
+4 8
3254 3
3151 3
3254 18
3151 3
cfn=(602) malloc
calls=320 3023 
* 1884
-1 8
+6 1
-2 1
+5 1
-3 2
+2 2
+4 3
+1 3
+9 4
+1 2
1208 2
+2 6
3183 2
+71 9
-30 3
+9 3
+2 4
cfn=(4546) _int_realloc
calls=23 4540 
* 518
* 1
+2 3
+1 10
-1 4
-4 4

fn=(4546)
4540 8
+11 4
+1 4
+6 3
+2 2
+1 3
+2 4
+3 2
+10 2
+12 2
+12 3
cfn=(636)
calls=13 1208 
* 306
* 1
+1 2
+3 1
+6 2
+39 9
-32 5
cob=(2)
cfi=(18)
cfn=(1432)
calls=13 0 
* 88
+1 4
cfn=(1324) _int_free
calls=13 4155 
* 61
+2 2

fn=(602)
3023 9
+8 9
-8 36
+8 9
+1 18
1208 18
+2 36
3044 36
+3 16
+9 15
+26 45
1210 12
2978 4
cfn=(632)
calls=4 +3 
* 1231
+69 2
+1 5
+1 3
-1 8
+1 24
2936 4
+2 4
-2 4
+1 8
+1 4
+1 4
3051 4
+13 35
+2 15
cfn=(636)
calls=427 1208 
* 699
* 5
+3 10
+8 15
+2 65
-15 20
+13 20

fn=(1322) free
3087 638
+5 638
+1 638
+6 638
+5 300
-2 300
+2 600
+18 900
+2 927
+1 9
+1 9
-1 9
cfn=(1324)
calls=269 4155 
* 549
* 291
+1 291
-1 291
cfn=(1324)
calls=339 4155 
* 24868
+1 38

fn=(1324)
4155 3311
+10 903
+6 1505
+1 602
+4 1204
+8 1505
-1 602
+1 602
+3 296
+6 592
+13 1480
+14 512
+11 1004
+2 753
1875 753
4254 251
+1 251
+4 753
+2 753
+25 1000
4428 3311
4295 10
+3 5
+3 20
+7 5
-4 5
+4 10
+3 10
+5 15
+3 10
+1 10
+1 10
1875 15
4327 10
+9 10
+5 10
+4 4
+9 4
-1 4
+2 8
-1 1
-1 1
+2 2
+2 20
+2 10
+5 5
+1 5
+2 15
+1 5
+30 10
+20 15
+1 15
2924 90
+4 45
-2 90
+1 45
+1 45
4209 45
4361 15
+58 20
4256 502
+21 251
+2 1004
+1 502
-5 502
+67 1
+1 1
-1 1
cfn=(1480)
calls=3 1451 
* 21
+1 1
-30 15
-2 10
-9 50

fn=(636)
1208 14
3513 7
1210 7
3513 56
1210 14
3553 4
+24 4
+61 6
+2 6
-2 6
+2 12
1210 10
3553 10
1637 10
3577 10
+58 4
+62 32
+1 3
3577 4
1210 4
3582 4
+2 4
-2 6
+2 6
+5 18
4147 84
3637 18
+3 66
+77 6
+1 6
-1 12
-1 12
+2 12
-1 1
+1 1
-1 2
-1 2
+2 2
-2 18
+6 12
+73 18
-67 18
-6 2
+73 3
-67 3
3892 1
-91 1
+91 2
-91 1
-74 1
+74 2
-42 6
-28 2
+1 1
+2 2
+1 3
+2 1
+1 4
+2 4
-10 1
+12 2
+1 2
+2 2
+11 2
+31 1
+1 1
+4 2
+29 2
+60 1
+2 2
-2 2
+2 1
+7 1
-9 3
+9 1
-7 1
+1 1
+1 1
+6 2
-62 10
+1 3
+1 1
-1 1
+4 2
+66 3
3728 3
3917 14
+2 3
+3 1
-3 1
+3 2
+68 14
+1 7
+1 7
-1 7
+1 7
+1 14
+1 21
+5 14
+16 2
+2 4
-4 6
+8 1
+3 2
3878 5
4003 21
+3 28
-3 18
+3 24
-3 12
+3 15
+97 6
+1 12
+2 12
+3 18
-76 3
+3 2
+2 1
+3 2
-3 1
+3 2
cfn=(1480)
calls=37 1451 
* 31
+3 4
+15 1
-5 1
+6 2
+3 4
+1 1
+1 1
+3 2
+2 2
+2 2
+3 8
+2 3
+1 1
1868 1
4081 1
1868 2
4006 1
+2 4
+1 2
4114 6
-3 6
+1 12
+2 6
-1 6
+1 6
+2 6
+3 6
-5 30
+2 6
1868 18

fl=(189) /build/glibc-e2p3jK/glibc-2.31/string/../sysdeps/x86_64/multiarch/strchr-avx2.S
fn=(1194) __strchrnul_avx2
44 2
+1 2
+2 2
+1 2
+1 2
+2 2
+1 2
+1 2
+4 2
+1 2
+1 2
+1 2
+1 2
+1 2
+1 2
184 2
+2 2
+7 2
+1 2

fl=(181) /build/glibc-e2p3jK/glibc-2.31/setjmp/../sysdeps/x86_64/bsd-_setjmp.S
fn=(1164) _setjmp
28 5
+2 5
+2 5
cfi=(182)
cfn=(1166)
calls=14 -2 
* 155

fl=(268)
fn=(2302)
48 1
+3 2
-3 4
+6 2
+5 6
+2 3
-7 2

fl=(188) /build/glibc-e2p3jK/glibc-2.31/stdio-common/vfprintf-internal.c
fn=(1190) __vfprintf_internal
1289 16
+31 3
+8 3
+4 5
+11 3
+11 2
fi=(357) /build/glibc-e2p3jK/glibc-2.31/stdio-common/printf-parse.h
111 2
fe=(188)
1354 2
fi=(357)
111 1
cob=(2)
cfi=(18)
cfn=(1192) 0x0000000004874390
calls=12 0 
* 21
fe=(188)
1369 2
fi=(357)
111 1
fe=(188)
1369 1
fi=(190) /build/glibc-e2p3jK/glibc-2.31/stdio-common/../libio/libioP.h
941 1
fe=(188)
1373 1
fi=(190)
941 2
+2 1
-2 2
+2 2
+1 2
fe=(188)
1373 6
cfi=(186)
cfn=(1198) _IO_default_xsputn
calls=7 371 
* 5
* 4
+4 1
-4 1
+4 2
+4 8
-57 1
1687 1
1358 1
-8 1
1687 9
1423 7
-3 1
-5 1
+8 1
-11 2
-1 1
+12 1
-13 1
+13 1
-14 1
-1 3
-1 1
-1 2
-1 1
-1 1
-1 1
-1 1
+17 1
-3 1
+4 2
-92 2
1741 2
+1 3
+3 12
-40 1
+2 2
+8 1
fi=(357)
111 5
cob=(2)
cfi=(18)
cfn=(1192)
calls=22 0 
* 21
fe=(188)
1719 2
fi=(357)
111 1
fe=(188)
1719 3
fi=(190)
943 2
+1 2
fe=(188)
1719 7
cfi=(186)
cfn=(1198)
calls=17 371 
* 5
* 9
+2 3
-34 11
cfi=(191)
cfn=(1202)
calls=8 165 
* 40
* 34
fi=(190)
943 2
+1 2
fe=(188)
1687 7
cfi=(186)
cfn=(1198)
calls=6 371 
* 64
* 30
1475 1
1667 13
-1 1
+1 1
-2 2
1450 1
1660 13
-1 1
+1 2
+27 19
+1 2
-1 6

fl=(186)
fn=(1184) _IO_old_init
531 2
+3 2
-2 2
+1 2
-1 2
+2 4
+1 2
+15 2
-11 2
+5 2
+6 2
+5 2
-16 12
+16 4
+3 2

fn=(1198)
371 3
+3 6
-3 7
fi=(232) /build/glibc-e2p3jK/glibc-2.31/libio/libioP.h
941 1
fe=(186)
371 1
fi=(232)
941 1
fe=(186)
371 1
fi=(232)
941 1
fe=(186)
371 2
+18 2
+8 1
+2 2
-20 4
+2 1
+1 2
+2 2
+20 1
-11 1
+11 7
-11 7
+2 6
+9 2
-11 2
+1 2
-1 3
+1 2
-1 4

fn=(4658) _IO_default_uflow
361 2
fi=(232)
941 2
fe=(186)
361 1
fi=(232)
941 1
fe=(186)
361 2
+1 1
fi=(232)
943 2
+1 2
fe=(186)
362 2
cfi=(187)
cfn=(8940)
calls=1 142 
* 15
+1 2
+3 4

fn=(8966) __overflow
199 3
+2 3
+2 1
fi=(232)
941 3
+2 2
+1 2
fe=(186)
203 1
+1 2
-1 1
cfi=(225) /build/glibc-e2p3jK/glibc-2.31/libio/fileops.c
cfn=(2026) _IO_file_overflow@@GLIBC_2.2.5
calls=1 732 
* 188

fn=(4656)
299 5
+1 3
+5 5
+3 2
+2 2
+6 2
+7 1
fi=(232)
941 3
+2 2
+1 2
fe=(186)
323 1
+1 1
-1 1
+1 2
-1 1
cfn=(4658)
calls=5 +38 
* 36
-2 3
-21 2

fn=(1182)
563 20
+1 2
cfn=(1184)
calls=36 -33 
* 44
+1 2
+1 4
+21 2
+1 12
-2 4

fn=(1188)
329 12
+1 4
-1 4
+1 4
+5 2
-3 2
+3 8
-3 4
+2 2
+4 8

fn=(8938)
635 5
+3 3
+1 2
+9 1
+3 4
-10 2
+1 1
+5 1

fl=(251) /build/glibc-e2p3jK/glibc-2.31/ctype/../include/ctype.h
fn=(1574) __ctype_b_loc
40 2
+1 4
+1 2

fl=(252) /build/glibc-e2p3jK/glibc-2.31/string/../sysdeps/x86_64/multiarch/strcspn-c.c
fn=(8762) __strcspn_sse42
83 4
+1 8
+6 12
+47 4
+3 4
-3 8
+30 8
fi=(253) /usr/lib/gcc/x86_64-linux-gnu/9/include/smmintrin.h
633 4
+53 8
+24 4
-24 4
+24 4
fe=(252)
165 8
-72 4
+3 4
fi=(358) /usr/lib/gcc/x86_64-linux-gnu/9/include/emmintrin.h
703 4
fe=(252)
93 4
fi=(358)
703 4
fe=(252)
100 4
fi=(359) /usr/lib/gcc/x86_64-linux-gnu/9/include/tmmintrin.h
+38 8
fi=(253)
633 4
fe=(252)
100 12
fi=(253)
633 4
fe=(252)
168 12
+5 4

fl=(177) /build/glibc-e2p3jK/glibc-2.31/string/../sysdeps/x86_64/multiarch/memcmp-avx2-movbe.S
fn=(1008) __memcmp_avx2_movbe
59 1
+7 1
+1 1
182 1
+1 1
+1 1
+1 1
+1 1
+1 1
+1 1
+1 1
+1 1
+1 1
+7 1
+38 1
+1 1
+1 1
+1 1
+1 1
+1 1
+1 1

fl=(350) /build/glibc-e2p3jK/glibc-2.31/libio/ioputs.c
fn=(8964) puts
33 7
+2 1
cob=(2)
cfi=(18)
cfn=(1200)
calls=1 -35 
* 18
+1 1
-1 1
+1 14
+3 1
-3 1
+3 2
-1 2
+2 1
fi=(232)
941 3
+2 2
+1 2
fe=(350)
40 3
cfi=(225)
cfn=(2024) _IO_file_xsputn@@GLIBC_2.2.5
calls=1 1198 
* 155
* 2
+1 4
+1 4
fi=(232)
884 2
+1 9
fe=(350)
46 7
-5 2
cfi=(186)
cfn=(8966)
calls=1 199 
* 206
* 2
-5 4
fi=(232)
885 3
fe=(350)

fl=(176) /build/glibc-e2p3jK/glibc-2.31/string/../sysdeps/x86_64/multiarch/memmove-vec-unaligned-erms.S
fn=(918) __memcpy_avx_unaligned_erms
225 9
+1 9
+6 9
+1 9
+1 1
+1 1
+42 8
+1 8
+2 7
+1 7
+1 7
+1 7
+1 4
+1 4
+19 1
+1 1
+1 1
+1 1
+1 1
+11 3
+1 3
+1 3
+1 3
+1 3
+3 4
+1 4
+1 4
+1 4
+1 4
+4 1
+1 1
+5 1
+1 1
+36 1
+1 1
+58 1
+1 1
+1 1
+1 1
+1 1
+2 1
+3 1
+1 1
+1 1
+1 1
+2 1
+2 1
+2 1
+3 1
+1 1
+4 4
+1 4
+1 4
+1 4
+1 4
+1 4
+1 4
+1 4
+1 4
+1 4
+1 4
+1 4
+1 4
+2 1
+1 1
+1 1
+1 1
+2 1
+1 1
+1 1

fn=(1440) __mempcpy_avx_unaligned_erms
212 1
+1 1
+1 1
+1 1
+17 1
+1 1
+44 1
+1 1
+26 1
+1 1
+1 1
+1 1
+1 1

fl=(183)
fn=(1168)
28 15
+2 10
-1 5
+5 15

fl=(345) /build/glibc-e2p3jK/glibc-2.31/string/../sysdeps/x86_64/multiarch/strspn-c.c
fn=(8758) __strspn_sse42
61 4
+1 8
+6 12
+47 12
-44 4
+3 4
fi=(358)
703 4
fe=(345)
71 4
fi=(358)
703 4
fe=(345)
78 4
fi=(359)
+60 8
fi=(253)
633 4
fe=(345)
78 4
fi=(359)
+60 4
fe=(345)
-60 8
+56 4
fi=(253)
686 4
fe=(345)
141 4
+1 16

fl=(206) /build/glibc-e2p3jK/glibc-2.31/string/../sysdeps/x86_64/multiarch/memchr-avx2.S
fn=(8934) __rawmemchr_avx2
40 1
+6 1
+2 1
+9 1
+3 1
+1 1
+1 1
+3 1
+1 1
+1 1
+8 1
302 1
+1 1
+1 1
+1 1

fl=(225)
fn=(2026)
732 5
+1 4
+7 6
+35 2
+3 2
+3 3
+1 3
+1 4
+4 1
+1 4
-3 2
-1 1
+1 1
-1 1
cfn=(2028) _IO_do_write@@GLIBC_2.2.5
calls=1 424 
* 147
* 2

fn=(2024)
1198 4
+7 1
-7 4
+6 6
+7 4
+23 1
+2 1
+2 3
-2 1
cob=(2)
cfi=(18)
cfn=(1438) 0x00000000048745a0
calls=15 0 
* 15
+1 1
+1 1
-2 1
+4 4
+28 9
-55 1
+4 1
-4 1
+1 2
+5 54
-2 40

fn=(2034) _IO_file_write@@GLIBC_2.2.5
1174 7
+2 6
+5 1
cfi=(265)
cfn=(2036)
calls=6 25 
* 48
+1 2
+5 1
+1 1
-12 2
+2 1
+2 2
+1 2
+10 3
+3 9

fn=(2028)
424 1
+2 3
-2 16
+10 2
+7 4
fi=(232)
944 2
fe=(225)
449 4
cfn=(2034)
calls=6 1174 
* 85
* 1
+1 5
+2 1
+4 1
-4 3
+1 2
+3 2
-2 1
-28 4
+1 8
+28 2

fl=(235) /build/glibc-e2p3jK/glibc-2.31/string/../sysdeps/x86_64/multiarch/strcmp-avx2.S
fn=(1470) __strcmp_avx2
79 14
+23 14
+1 14
+2 14
+1 14
+1 14
+1 14
+1 14
+2 14
+1 14
+1 14
+1 14
+1 14
+1 14
+1 14
+1 14
+18 14
+1 14
+1 14
+2 14
+1 14

fl=(185)
fn=(1180)
95 14
+4 1
+5 5
+6 8
cfi=(186)
cfn=(1182)
calls=7 563 
* 45
+3 3
-2 1
+2 1
-2 1
+1 1
+1 1
cfi=(187)
cfn=(1186)
calls=7 -77 
* 66
+1 5
cfi=(188)
cfn=(1190)
calls=7 1289 
* 479
+2 3
+1 2
+2 11

ob=(1) /usr/lib/x86_64-linux-gnu/ld-2.31.so
fl=(125) /build/glibc-e2p3jK/glibc-2.31/elf/../sysdeps/x86_64/dl-trampoline.h
fn=(374) _dl_runtime_resolve_xsave
67 1
+5 1
+3 1
+2 1
+10 1
+6 1
+1 1
+1 1
+1 1
+1 1
+1 1
+1 1
+4 1
+1 1
+3 1
+1 1
+2 1
+1 1
+1 1
+1 1
+1 1
+1 1
+2 1
+7 1
+1 1
+1 1
cfi=(126) /build/glibc-e2p3jK/glibc-2.31/elf/../elf/dl-runtime.c
cfn=(376) _dl_fixup
calls=99 -60 
* 657
+1 1
+5 1
+1 1
+1 1
+2 1
+1 1
+1 1
+1 1
+1 1
+1 1
+1 1
+2 1
+2 1
+4 1
+3 1

fl=(6) /build/glibc-e2p3jK/glibc-2.31/elf/dl-lookup.c
fn=(212) check_match
75 13
+3 2
+13 4
-13 4
+13 2
+3 6
cfi=(22) /build/glibc-e2p3jK/glibc-2.31/string/../sysdeps/x86_64/strcmp.S
cfn=(58) strcmp
calls=751 +17 
* 25
* 2
+4 1
+1 2
+2 2
+19 2
+1 8
+39 1
+7 6
-45 3
cfi=(22)
cfn=(58)
calls=2884 -11 
* 25
* 2

fn=(210) do_lookup_x
368 8
+1 1
-1 6
+48 1
+35 3
-65 1
-11 1
+41 1
-30 2
+65 2
-51 9
+4 3
+4 3
-3 3
+3 6
+1 9
+3 3
+1 6
+7 6
-3 6
-2 3
+5 9
+3 21
571 6
379 6
+3 6
+4 6
+4 6
+4 6
+88 2
fi=(61) /build/glibc-e2p3jK/glibc-2.31/elf/../sysdeps/generic/ldsodefs.h
126 3
fe=(6)
533 2
+3 8
+16 5
+2 2
427 3
-1 2
+2 2
+2 1
+6 3
-6 1
+6 9
+7 3
-10 10
+3 1
-1 2
+1 2
-1 1
+2 2
-1 12
cfn=(212)
calls=2995 75 
* 110
+4 3
575 8
294 7

fn=(208) _dl_lookup_symbol_x
841 10
582 1
841 4
582 3
-1 2
+2 2
-1 1
+1 3
-1 3
+1 26
-1 13
+1 39
-1 40
847 1
-4 1
+1 1
+7 1
-8 1
+1 1
+7 3
+3 5
+6 2
-7 6
+8 13
cfn=(210)
calls=3024 368 
* 353
* 4
+5 2
+24 8
+40 4
+14 3
+3 4
+5 1
+2 9

fl=(126)
fn=(376)
66 3
+6 2
-6 1
+3 2
+3 3
-4 1
+5 1
+2 1
-2 5
+2 1
-2 1
+2 1
+5 2
+4 2
+4 3
+4 2
+1 4
-7 4
+16 1
-1 1
+1 2
+10 10
cfi=(6)
cfn=(208)
calls=192 841 
* 570
* 1
+4 5
+10 9
+7 1
+8 4
+4 3
fi=(5) /build/glibc-e2p3jK/glibc-2.31/elf/../sysdeps/x86_64/dl-machine.h
+97 1
fe=(126)
-93 3
-32 4
-13 1
+1 2

fl=(22)
fn=(58)
111 2
+33 2
+1 2
+2 2
+1 2
+21 2
+1 2
+1 2
+1 2
+1 2
+1 2
+1 2
+1 2
+21 2
+1 2
+1 2
+1 2
+1 2
+1 2
+1 2
2211 2
+6 2
+1 2
+8 2
+1 2

ob=(2)
fl=(18)
fn=(8780) 0x0000000000113820
0 16
cob=(3)
cfi=(192)
cfn=(1210)
calls=8 167 
0 96

fn=(8788) 0x0000000000113b60
0 4
cob=(20)
cfi=(172)
cfn=(7208)
calls=2 0 
0 14

fn=(8970) 0x0000000000113810
0 2
cob=(20)
cfi=(172)
cfn=(8972)
calls=1 0 
0 64166

fn=(1192)
0 4
cob=(3)
cfi=(189)
cfn=(1194)
calls=57 44 
0 38

fn=(6046)
0 10
cob=(3)
cfi=(181)
cfn=(1164)
calls=6 28 
0 170

fn=(8932)
0 2
cob=(3)
cfi=(206)
cfn=(8934)
calls=1 40 
0 15

fn=(8962) 0x0000000000113bb0
0 2
cob=(3)
cfi=(350)
cfn=(8964)
calls=1 33 
0 459

fn=(1438)
0 2
cob=(3)
cfi=(176)
cfn=(1440)
calls=35 212 
0 13

fn=(6198)
0 4
cob=(3)
cfi=(175)
cfn=(902)
calls=234 42 
0 36

fn=(8756)
0 8
cob=(3)
cfi=(345)
cfn=(8758)
calls=4 61 
0 116

fn=(8906)
0 2
cob=(1)
cfi=(125)
cfn=(374)
calls=1 67 
0 1374
0 5

fn=(1432)
0 14
cob=(3)
cfi=(176)
cfn=(918)
calls=342 225 
0 182

fn=(6022)
0 8
cob=(3)
cfi=(156)
cfn=(4292)
calls=336 3131 
0 2571

fn=(6186)
0 28
cob=(3)
cfi=(235)
cfn=(1470)
calls=560 79 
0 294

fn=(8732) 0x00000000001139e0
0 6
cob=(20)
cfi=(172)
cfn=(8734)
calls=3 0 
0 2004

fn=(8752) 0x0000000000113c70
0 16
cob=(3)
cfi=(344)
cfn=(8754)
calls=8 43 
0 476

fn=(6592)
0 626
cob=(3)
cfi=(156)
cfn=(1322)
calls=340 3087 
0 31424

fn=(8768) 0x0000000000113a60
0 12
cob=(3)
cfi=(156)
cfn=(1322)
calls=6 3087 
0 510

fn=(8926) 0x00000000001139a0
0 2
cob=(3)
cfi=(346)
cfn=(8928)
calls=1 24 
0 822

fn=(1200)
0 14
cob=(3)
cfi=(175)
cfn=(902)
calls=424 42 
0 128

fn=(6884)
0 2
cob=(3)
cfi=(177)
cfn=(1008)
calls=61 59 
0 21

fn=(8682) 0x0000000000113c10
0 2
cob=(20)
cfi=(172)
cfn=(8684)
calls=1 0 
0 13783

fn=(8748) 0x0000000000113c90
0 12
cob=(3)
cfi=(343)
cfn=(8750)
calls=6 40 
0 920

fn=(8776) 0x00000000001137a0
0 34
cob=(3)
cfi=(175)
cfn=(902)
calls=17 42 
0 304

fn=(1310)
0 12
cob=(3)
cfi=(156)
cfn=(602)
calls=155 3023 
0 568

fn=(6162)
0 4
cob=(3)
cfi=(176)
cfn=(918)
calls=237 225 
0 28

fn=(8736) 0x00000000001137d0
0 4
cob=(20)
cfi=(172)
cfn=(8738)
calls=2 0 
0 116

fn=(8760)
0 8
cob=(3)
cfi=(252)
cfn=(8762)
calls=4 83 
0 148

fn=(8924) 0x0000000000113a00
0 4
cob=(3)
cfi=(251)
cfn=(1574)
calls=2 40 
0 8

ob=(23)
fl=(179)
fn=(8766) proc_free
0 12
cob=(2)
cfi=(18)
cfn=(8768)
calls=6 0 
0 522

fn=(8784) param_get
0 11
cfn=(8786) param_get_uint32_array
calls=1 0 
0 22
0 3

fn=(8680)
0 9
cob=(2)
cfi=(18)
cfn=(8682)
calls=1 0 
0 13785
0 2
cob=(2)
cfi=(18)
cfn=(8962)
calls=1 0 
0 461
0 2
cob=(2)
cfi=(18)
cfn=(8970)
calls=1 0 
0 64168
0 2

fn=(8746) proc_strdup
0 12
cob=(2)
cfi=(18)
cfn=(8748)
calls=6 0 
0 932

fn=(8782) parse_param_to_operand
0 26
cfn=(8784)
calls=1 0 
0 36
0 5

fn=(8920) proc_value_str_to_valuebuf
0 7
cfn=(8922) param_str_to_value
calls=1 0 
0 918
0 6

fn=(8900)
0 8
cob=(2)
cfi=(18)
cfn=(8732)
calls=1 0 
0 48
0 5
cob=(2)
cfi=(18)
cfn=(8732)
calls=1 0 
0 1914
0 4
cob=(2)
cfi=(18)
cfn=(8736)
calls=1 0 
0 60
0 6
cfn=(8918) proc_set_param
calls=1 0 
0 2993
0 3
cob=(2)
cfi=(18)
cfn=(8788)
calls=1 0 
0 9
0 5

fn=(8730)
0 11
cob=(2)
cfi=(18)
cfn=(8732)
calls=1 0 
0 48
0 4
cob=(2)
cfi=(18)
cfn=(8736)
calls=1 0 
0 60
0 5
cfn=(8742) fetch_operand_param_pair
calls=1 0 
0 2563
0 9
cob=(2)
cfi=(18)
cfn=(8788)
calls=1 0 
0 9
0 8

fn=(8770) proc_fetch_param
0 26
cfn=(8746)
calls=2 0 
0 200
0 6
cfn=(8744) proc_param_scan_offset
calls=2 0 
0 864
0 8
cfn=(8772) csp_iflist_get
calls=2 0 
0 6
0 84
cfn=(8774) param_list_iterate
calls=2 0 
0 24
0 12
cfn=(8774)
calls=6 0 
0 72
0 56
cob=(2)
cfi=(18)
cfn=(8776)
calls=8 0 
0 176
0 32
cob=(2)
cfi=(18)
cfn=(8776)
calls=8 0 
0 144
0 48
cfn=(8778) strmatch
calls=8 0 
0 1542
0 36
cfn=(8766)
calls=2 0 
0 178
0 28

fn=(8778)
0 464
cob=(2)
cfi=(18)
cfn=(8780)
calls=8 0 
0 112
0 966

fn=(8922)
0 23
cob=(2)
cfi=(18)
cfn=(8776)
calls=1 0 
0 18
0 4
cob=(2)
cfi=(18)
cfn=(8924)
calls=2 0 
0 12
0 22
cob=(2)
cfi=(18)
cfn=(8926)
calls=1 0 
0 824
0 15

fn=(8774)
0 96

fn=(8744)
0 40
cfn=(8746)
calls=4 0 
0 744
0 24
cob=(2)
cfi=(18)
cfn=(8752)
calls=4 0 
0 404
0 16
cob=(2)
cfi=(18)
cfn=(8752)
calls=4 0 
0 88
0 16
cfn=(8766)
calls=4 0 
0 356
0 36

fn=(8918)
0 20
cfn=(8770)
calls=1 0 
0 1593
0 21
cfn=(8920)
calls=1 0 
0 931
0 17
cfn=(8744)
calls=1 0 
0 342
0 15
cfn=(8944) param_set
calls=1 0 
0 51
0 3

fn=(8944)
0 20
cfn=(8946) __param_set_uint32
calls=1 0 
0 31

fn=(8742)
0 10
cfn=(8744)
calls=1 0 
0 518
0 4
cfn=(8770)
calls=1 0 
0 1949
0 7
cfn=(8782)
calls=1 0 
0 67
0 8

fn=(8772)
0 6

fn=(8786)
0 22

fn=(8946)
0 31

totals: 78429
